D:\WORK AND RESEARCH\MASTER THESIS\LUCASKANADE\LK\LK\DEBUG\MAIN.OBJ
D:\WORK AND RESEARCH\MASTER THESIS\LUCASKANADE\LK\LK\DEBUG\VC110.PDB
D:\WORK AND RESEARCH\MASTER THESIS\LUCASKANADE\LK\DEBUG\LK.ILK
D:\WORK AND RESEARCH\MASTER THESIS\LUCASKANADE\LK\DEBUG\LK.EXE
D:\WORK AND RESEARCH\MASTER THESIS\LUCASKANADE\LK\DEBUG\LK.PDB
D:\WORK AND RESEARCH\MASTER THESIS\LucasKanade\LK\LK\Debug\main.obj
D:\WORK AND RESEARCH\MASTER THESIS\LucasKanade\LK\LK\Debug\cl.command.1.tlog
D:\WORK AND RESEARCH\MASTER THESIS\LucasKanade\LK\LK\Debug\CL.read.1.tlog
D:\WORK AND RESEARCH\MASTER THESIS\LucasKanade\LK\LK\Debug\CL.write.1.tlog
D:\WORK AND RESEARCH\MASTER THESIS\LucasKanade\LK\LK\Debug\link-cvtres.read.1.tlog
D:\WORK AND RESEARCH\MASTER THESIS\LucasKanade\LK\LK\Debug\link-cvtres.write.1.tlog
D:\WORK AND RESEARCH\MASTER THESIS\LucasKanade\LK\LK\Debug\link-rc.read.1.tlog
D:\WORK AND RESEARCH\MASTER THESIS\LucasKanade\LK\LK\Debug\link-rc.write.1.tlog
D:\WORK AND RESEARCH\MASTER THESIS\LucasKanade\LK\LK\Debug\link.7324-cvtres.read.1.tlog
D:\WORK AND RESEARCH\MASTER THESIS\LucasKanade\LK\LK\Debug\link.7324-cvtres.write.1.tlog
D:\WORK AND RESEARCH\MASTER THESIS\LucasKanade\LK\LK\Debug\link.7324-rc.read.1.tlog
D:\WORK AND RESEARCH\MASTER THESIS\LucasKanade\LK\LK\Debug\link.7324-rc.write.1.tlog
D:\WORK AND RESEARCH\MASTER THESIS\LucasKanade\LK\LK\Debug\link.7324.read.1.tlog
D:\WORK AND RESEARCH\MASTER THESIS\LucasKanade\LK\LK\Debug\link.7324.write.1.tlog
D:\WORK AND RESEARCH\MASTER THESIS\LucasKanade\LK\LK\Debug\link.8560-cvtres.read.1.tlog
D:\WORK AND RESEARCH\MASTER THESIS\LucasKanade\LK\LK\Debug\link.8560-cvtres.write.1.tlog
D:\WORK AND RESEARCH\MASTER THESIS\LucasKanade\LK\LK\Debug\link.8560-rc.read.1.tlog
D:\WORK AND RESEARCH\MASTER THESIS\LucasKanade\LK\LK\Debug\link.8560-rc.write.1.tlog
D:\WORK AND RESEARCH\MASTER THESIS\LucasKanade\LK\LK\Debug\link.8560.read.1.tlog
D:\WORK AND RESEARCH\MASTER THESIS\LucasKanade\LK\LK\Debug\link.8560.write.1.tlog
D:\WORK AND RESEARCH\MASTER THESIS\LucasKanade\LK\LK\Debug\link.9108-cvtres.read.1.tlog
D:\WORK AND RESEARCH\MASTER THESIS\LucasKanade\LK\LK\Debug\link.9108-cvtres.write.1.tlog
D:\WORK AND RESEARCH\MASTER THESIS\LucasKanade\LK\LK\Debug\link.9108-rc.read.1.tlog
D:\WORK AND RESEARCH\MASTER THESIS\LucasKanade\LK\LK\Debug\link.9108-rc.write.1.tlog
D:\WORK AND RESEARCH\MASTER THESIS\LucasKanade\LK\LK\Debug\link.9108.read.1.tlog
D:\WORK AND RESEARCH\MASTER THESIS\LucasKanade\LK\LK\Debug\link.9108.write.1.tlog
D:\WORK AND RESEARCH\MASTER THESIS\LucasKanade\LK\LK\Debug\link.9544-cvtres.read.1.tlog
D:\WORK AND RESEARCH\MASTER THESIS\LucasKanade\LK\LK\Debug\link.9544-cvtres.write.1.tlog
D:\WORK AND RESEARCH\MASTER THESIS\LucasKanade\LK\LK\Debug\link.9544-rc.read.1.tlog
D:\WORK AND RESEARCH\MASTER THESIS\LucasKanade\LK\LK\Debug\link.9544-rc.write.1.tlog
D:\WORK AND RESEARCH\MASTER THESIS\LucasKanade\LK\LK\Debug\link.9544.read.1.tlog
D:\WORK AND RESEARCH\MASTER THESIS\LucasKanade\LK\LK\Debug\link.9544.write.1.tlog
D:\WORK AND RESEARCH\MASTER THESIS\LucasKanade\LK\LK\Debug\link.command.1.tlog
D:\WORK AND RESEARCH\MASTER THESIS\LucasKanade\LK\LK\Debug\link.read.1.tlog
D:\WORK AND RESEARCH\MASTER THESIS\LucasKanade\LK\LK\Debug\link.write.1.tlog
D:\WORK AND RESEARCH\MASTER THESIS\LucasKanade\LK\LK\Debug\vc110.idb
D:\WORK AND RESEARCH\MASTER THESIS\LucasKanade\LK\LK\Debug\vc110.pdb
D:\WORK AND RESEARCH\MASTER THESIS\LucasKanade\LK\Debug\LK.pdb
D:\WORK AND RESEARCH\MASTER THESIS\LucasKanade\LK\Debug\LK.exe
D:\WORK AND RESEARCH\MASTER THESIS\LucasKanade\LK\Debug\LK.ilk
